Vision_plus/app/build/intermediates/manifest_merge_blame_file/debug/processDebugMainManifest/manifest-merger-blame-debug-report.txt
1<?xml version="1.0" encoding="utf-8"?>
2<manifest xmlns:android="http://schemas.android.com/apk/res/android"
3    package="com.example.visionAid"
4    android:versionCode="1"
5    android:versionName="1.0" >
6
7    <uses-sdk
8        android:minSdkVersion="24"
9        android:targetSdkVersion="33" />
10
11    <!-- Permissions for camera and storage -->
12    <uses-permission android:name="android.permission.CAMERA" />
12-->src/main/AndroidManifest.xml:6:5-65
12-->src/main/AndroidManifest.xml:6:22-62
13    <uses-permission
13-->src/main/AndroidManifest.xml:7:5-108
14        android:name="android.permission.WRITE_EXTERNAL_STORAGE"
14-->src/main/AndroidManifest.xml:7:22-78
15        android:maxSdkVersion="28" />
15-->src/main/AndroidManifest.xml:7:79-105
16    <uses-permission android:name="android.permission.READ_EXTERNAL_STORAGE" />
16-->src/main/AndroidManifest.xml:8:5-80
16-->src/main/AndroidManifest.xml:8:22-77
17    <uses-permission android:name="android.permission.INTERNET" />
17-->src/main/AndroidManifest.xml:9:5-67
17-->src/main/AndroidManifest.xml:9:22-64
18    <uses-permission android:name="android.permission.ACCESS_NETWORK_STATE" />
18-->src/main/AndroidManifest.xml:10:5-79
18-->src/main/AndroidManifest.xml:10:22-76
19    <uses-permission android:name="android.permission.FLASHLIGHT" />
19-->src/main/AndroidManifest.xml:11:5-69
19-->src/main/AndroidManifest.xml:11:22-66
20
21    <!-- Use this permission for apps targeting Android 10 and above for storage access -->
22    <uses-permission android:name="android.permission.MANAGE_EXTERNAL_STORAGE" />
22-->src/main/AndroidManifest.xml:14:5-111
22-->src/main/AndroidManifest.xml:14:22-79
23
24    <!-- Request for camera feature -->
25    <uses-feature
25-->src/main/AndroidManifest.xml:17:5-84
26        android:name="android.hardware.camera"
26-->src/main/AndroidManifest.xml:17:19-57
27        android:required="true" />
27-->src/main/AndroidManifest.xml:17:58-81
28    <uses-feature
28-->src/main/AndroidManifest.xml:18:5-95
29        android:name="android.hardware.camera.autofocus"
29-->src/main/AndroidManifest.xml:18:19-67
30        android:required="false" />
30-->src/main/AndroidManifest.xml:18:68-92
31
32    <queries>
32-->[androidx.media2:media2-session:1.2.1] AndroidManifest.xml:24:5-34:15
33        <intent>
33-->[androidx.media2:media2-session:1.2.1] AndroidManifest.xml:25:9-27:18
34            <action android:name="android.media.browse.MediaBrowserService" />
34-->[androidx.media2:media2-session:1.2.1] AndroidManifest.xml:26:13-79
34-->[androidx.media2:media2-session:1.2.1] AndroidManifest.xml:26:21-76
35        </intent>
36        <intent>
36-->[androidx.media2:media2-session:1.2.1] AndroidManifest.xml:28:9-30:18
37            <action android:name="androidx.media2.session.MediaSessionService" />
37-->[androidx.media2:media2-session:1.2.1] AndroidManifest.xml:29:13-82
37-->[androidx.media2:media2-session:1.2.1] AndroidManifest.xml:29:21-79
38        </intent>
39        <intent>
39-->[androidx.media2:media2-session:1.2.1] AndroidManifest.xml:31:9-33:18
40            <action android:name="androidx.media2.session.MediaLibraryService" />
40-->[androidx.media2:media2-session:1.2.1] AndroidManifest.xml:32:13-82
40-->[androidx.media2:media2-session:1.2.1] AndroidManifest.xml:32:21-79
41        </intent>
42    </queries>
43
44    <permission
44-->[androidx.core:core:1.9.0] AndroidManifest.xml:22:5-24:47
45        android:name="com.example.visionAid.DYNAMIC_RECEIVER_NOT_EXPORTED_PERMISSION"
45-->[androidx.core:core:1.9.0] AndroidManifest.xml:23:9-81
46        android:protectionLevel="signature" />
46-->[androidx.core:core:1.9.0] AndroidManifest.xml:24:9-44
47
48    <uses-permission android:name="com.example.visionAid.DYNAMIC_RECEIVER_NOT_EXPORTED_PERMISSION" />
48-->[androidx.core:core:1.9.0] AndroidManifest.xml:26:5-97
48-->[androidx.core:core:1.9.0] AndroidManifest.xml:26:22-94
49
50    <application
50-->src/main/AndroidManifest.xml:20:5-44:19
51        android:allowBackup="true"
51-->src/main/AndroidManifest.xml:21:9-35
52        android:appComponentFactory="androidx.core.app.CoreComponentFactory"
52-->[androidx.core:core:1.9.0] AndroidManifest.xml:28:18-86
53        android:dataExtractionRules="@xml/data_extraction_rules"
53-->src/main/AndroidManifest.xml:22:9-65
54        android:debuggable="true"
55        android:extractNativeLibs="false"
56        android:fullBackupContent="@xml/backup_rules"
56-->src/main/AndroidManifest.xml:23:9-54
57        android:icon="@mipmap/ic_launcher"
57-->src/main/AndroidManifest.xml:24:9-43
58        android:label="@string/app_name"
58-->src/main/AndroidManifest.xml:25:9-41
59        android:requestLegacyExternalStorage="true"
59-->src/main/AndroidManifest.xml:26:9-52
60        android:supportsRtl="true"
60-->src/main/AndroidManifest.xml:27:9-35
61        android:testOnly="true"
62        android:theme="@style/Theme.CameraXExample" >
62-->src/main/AndroidManifest.xml:28:9-52
63        <activity
63-->src/main/AndroidManifest.xml:31:9-42:20
64            android:name="com.example.visionAid.MainActivity"
64-->src/main/AndroidManifest.xml:32:13-41
65            android:exported="true" >
65-->src/main/AndroidManifest.xml:33:13-36
66            <intent-filter>
66-->src/main/AndroidManifest.xml:34:13-37:29
67                <action android:name="android.intent.action.MAIN" />
67-->src/main/AndroidManifest.xml:35:17-69
67-->src/main/AndroidManifest.xml:35:25-66
68
69                <category android:name="android.intent.category.LAUNCHER" />
69-->src/main/AndroidManifest.xml:36:17-77
69-->src/main/AndroidManifest.xml:36:27-74
70            </intent-filter>
71
72            <!-- Define intent filter for custom actions if needed -->
73            <!-- <intent-filter>...</intent-filter> -->
74
75        </activity>
76
77        <service
77-->[androidx.camera:camera-camera2:1.2.2] AndroidManifest.xml:24:9-33:19
78            android:name="androidx.camera.core.impl.MetadataHolderService"
78-->[androidx.camera:camera-camera2:1.2.2] AndroidManifest.xml:25:13-75
79            android:enabled="false"
79-->[androidx.camera:camera-camera2:1.2.2] AndroidManifest.xml:26:13-36
80            android:exported="false" >
80-->[androidx.camera:camera-camera2:1.2.2] AndroidManifest.xml:27:13-37
81            <meta-data
81-->[androidx.camera:camera-camera2:1.2.2] AndroidManifest.xml:30:13-32:89
82                android:name="androidx.camera.core.impl.MetadataHolderService.DEFAULT_CONFIG_PROVIDER"
82-->[androidx.camera:camera-camera2:1.2.2] AndroidManifest.xml:31:17-103
83                android:value="androidx.camera.camera2.Camera2Config$DefaultProvider" />
83-->[androidx.camera:camera-camera2:1.2.2] AndroidManifest.xml:32:17-86
84        </service>
85
86        <provider
86-->[androidx.emoji2:emoji2:1.2.0] AndroidManifest.xml:24:9-32:20
87            android:name="androidx.startup.InitializationProvider"
87-->[androidx.emoji2:emoji2:1.2.0] AndroidManifest.xml:25:13-67
88            android:authorities="com.example.visionAid.androidx-startup"
88-->[androidx.emoji2:emoji2:1.2.0] AndroidManifest.xml:26:13-68
89            android:exported="false" >
89-->[androidx.emoji2:emoji2:1.2.0] AndroidManifest.xml:27:13-37
90            <meta-data
90-->[androidx.emoji2:emoji2:1.2.0] AndroidManifest.xml:29:13-31:52
91                android:name="androidx.emoji2.text.EmojiCompatInitializer"
91-->[androidx.emoji2:emoji2:1.2.0] AndroidManifest.xml:30:17-75
92                android:value="androidx.startup" />
92-->[androidx.emoji2:emoji2:1.2.0] AndroidManifest.xml:31:17-49
93            <meta-data
93-->[androidx.lifecycle:lifecycle-process:2.6.2] AndroidManifest.xml:29:13-31:52
94                android:name="androidx.lifecycle.ProcessLifecycleInitializer"
94-->[androidx.lifecycle:lifecycle-process:2.6.2] AndroidManifest.xml:30:17-78
95                android:value="androidx.startup" />
95-->[androidx.lifecycle:lifecycle-process:2.6.2] AndroidManifest.xml:31:17-49
96            <meta-data
96-->[androidx.profileinstaller:profileinstaller:1.3.1] AndroidManifest.xml:29:13-31:52
97                android:name="androidx.profileinstaller.ProfileInstallerInitializer"
97-->[androidx.profileinstaller:profileinstaller:1.3.1] AndroidManifest.xml:30:17-85
98                android:value="androidx.startup" />
98-->[androidx.profileinstaller:profileinstaller:1.3.1] AndroidManifest.xml:31:17-49
99        </provider>
100
101        <uses-library
101-->[androidx.window:window:1.0.0] AndroidManifest.xml:25:9-27:40
102            android:name="androidx.window.extensions"
102-->[androidx.window:window:1.0.0] AndroidManifest.xml:26:13-54
103            android:required="false" />
103-->[androidx.window:window:1.0.0] AndroidManifest.xml:27:13-37
104        <uses-library
104-->[androidx.window:window:1.0.0] AndroidManifest.xml:28:9-30:40
105            android:name="androidx.window.sidecar"
105-->[androidx.window:window:1.0.0] AndroidManifest.xml:29:13-51
106            android:required="false" />
106-->[androidx.window:window:1.0.0] AndroidManifest.xml:30:13-37
107
108        <receiver
108-->[androidx.profileinstaller:profileinstaller:1.3.1] AndroidManifest.xml:34:9-52:20
109            android:name="androidx.profileinstaller.ProfileInstallReceiver"
109-->[androidx.profileinstaller:profileinstaller:1.3.1] AndroidManifest.xml:35:13-76
110            android:directBootAware="false"
110-->[androidx.profileinstaller:profileinstaller:1.3.1] AndroidManifest.xml:36:13-44
111            android:enabled="true"
111-->[androidx.profileinstaller:profileinstaller:1.3.1] AndroidManifest.xml:37:13-35
112            android:exported="true"
112-->[androidx.profileinstaller:profileinstaller:1.3.1] AndroidManifest.xml:38:13-36
113            android:permission="android.permission.DUMP" >
113-->[androidx.profileinstaller:profileinstaller:1.3.1] AndroidManifest.xml:39:13-57
114            <intent-filter>
114-->[androidx.profileinstaller:profileinstaller:1.3.1] AndroidManifest.xml:40:13-42:29
115                <action android:name="androidx.profileinstaller.action.INSTALL_PROFILE" />
115-->[androidx.profileinstaller:profileinstaller:1.3.1] AndroidManifest.xml:41:17-91
115-->[androidx.profileinstaller:profileinstaller:1.3.1] AndroidManifest.xml:41:25-88
116            </intent-filter>
117            <intent-filter>
117-->[androidx.profileinstaller:profileinstaller:1.3.1] AndroidManifest.xml:43:13-45:29
118                <action android:name="androidx.profileinstaller.action.SKIP_FILE" />
118-->[androidx.profileinstaller:profileinstaller:1.3.1] AndroidManifest.xml:44:17-85
118-->[androidx.profileinstaller:profileinstaller:1.3.1] AndroidManifest.xml:44:25-82
119            </intent-filter>
120            <intent-filter>
120-->[androidx.profileinstaller:profileinstaller:1.3.1] AndroidManifest.xml:46:13-48:29
121                <action android:name="androidx.profileinstaller.action.SAVE_PROFILE" />
121-->[androidx.profileinstaller:profileinstaller:1.3.1] AndroidManifest.xml:47:17-88
121-->[androidx.profileinstaller:profileinstaller:1.3.1] AndroidManifest.xml:47:25-85
122            </intent-filter>
123            <intent-filter>
123-->[androidx.profileinstaller:profileinstaller:1.3.1] AndroidManifest.xml:49:13-51:29
124                <action android:name="androidx.profileinstaller.action.BENCHMARK_OPERATION" />
124-->[androidx.profileinstaller:profileinstaller:1.3.1] AndroidManifest.xml:50:17-95
124-->[androidx.profileinstaller:profileinstaller:1.3.1] AndroidManifest.xml:50:25-92
125            </intent-filter>
126        </receiver>
127    </application>
128
129</manifest>